<?xml version="1.0" encoding="UTF-8"?>
<testng-results ignored="0" total="1" passed="1" failed="0" skipped="0">
  <reporter-output>
    <line>
      <![CDATA[Launch the Browser]]>
    </line>
    <line>
      <![CDATA[Navigate to url]]>
    </line>
    <line>
      <![CDATA[click on login link]]>
    </line>
    <line>
      <![CDATA[enter valid credentials]]>
    </line>
    <line>
      <![CDATA[click on login button]]>
    </line>
    <line>
      <![CDATA[Testscript is passed]]>
    </line>
  </reporter-output>
  <suite started-at="2024-10-29T22:26:50 IST" name="Default suite" finished-at="2024-10-29T22:26:50 IST" duration-ms="82">
    <groups>
    </groups>
    <test started-at="2024-10-29T22:26:50 IST" name="Default test" finished-at="2024-10-29T22:26:50 IST" duration-ms="82">
      <class name="listeners.TestScript">
        <test-method signature="login()[pri:0, instance:listeners.TestScript@7ed7259e]" started-at="2024-10-29T22:26:50 IST" name="login" finished-at="2024-10-29T22:26:50 IST" duration-ms="20" status="PASS">
          <reporter-output>
            <line>
              <![CDATA[Launch the Browser]]>
            </line>
            <line>
              <![CDATA[Navigate to url]]>
            </line>
            <line>
              <![CDATA[click on login link]]>
            </line>
            <line>
              <![CDATA[enter valid credentials]]>
            </line>
            <line>
              <![CDATA[click on login button]]>
            </line>
            <line>
              <![CDATA[Testscript is passed]]>
            </line>
          </reporter-output>
        </test-method> <!-- login -->
      </class> <!-- listeners.TestScript -->
    </test> <!-- Default test -->
  </suite> <!-- Default suite -->
</testng-results>
